2020-08-26 10:57:07.950966000000 [12025(ThreadId 13)] ERROR APP - [CRITICAL] can not get the initial ghci prompt.
2020-08-26 11:09:43.653582000000 [16696(ThreadId 13)] ERROR APP - [CRITICAL] can not get the initial ghci prompt.
2020-08-26 11:10:18.616420000000 [16937(ThreadId 13)] ERROR APP - user error (loaded module can not find from path. </Users/germankuber/Documents/Repositories/hackerrank-haskell/src/04-Palindrome-Index.hs> [("Lib","/Users/germankuber/Documents/Repositories/hackerrank-haskell/src/Lib.hs"),("Main","/Users/germankuber/Documents/Repositories/hackerrank-haskell/app/Main.hs")])
2020-08-26 11:10:18.632990000000 [16937(ThreadId 13)] ERROR APP - user error (loaded module can not find from path. </Users/germankuber/Documents/Repositories/hackerrank-haskell/src/05-2D-Array-DS.hs> [("Lib","/Users/germankuber/Documents/Repositories/hackerrank-haskell/src/Lib.hs"),("Main","/Users/germankuber/Documents/Repositories/hackerrank-haskell/app/Main.hs")])
2020-08-26 11:10:18.671329000000 [16937(ThreadId 13)] ERROR APP - user error (loaded module can not find from path. </Users/germankuber/Documents/Repositories/hackerrank-haskell/src/Test.hs> [("Lib","/Users/germankuber/Documents/Repositories/hackerrank-haskell/src/Lib.hs"),("Main","/Users/germankuber/Documents/Repositories/hackerrank-haskell/app/Main.hs")])
2020-08-26 11:10:23.061972000000 [16937(ThreadId 16)] CRITICAL THREAD_MGR - Critical exit started.
2020-08-26 11:11:39.768918000000 [17266(ThreadId 13)] ERROR APP - user error (loaded module can not find from path. </Users/germankuber/Documents/Repositories/hackerrank-haskell/src/04-Palindrome-Index.hs> [("Lib","/Users/germankuber/Documents/Repositories/hackerrank-haskell/src/Lib.hs")])
2020-08-26 11:11:39.783842000000 [17266(ThreadId 13)] ERROR APP - user error (loaded module can not find from path. </Users/germankuber/Documents/Repositories/hackerrank-haskell/src/05-2D-Array-DS.hs> [("Lib","/Users/germankuber/Documents/Repositories/hackerrank-haskell/src/Lib.hs")])
2020-08-26 11:11:39.801761000000 [17266(ThreadId 13)] ERROR APP - user error (loaded module can not find from path. </Users/germankuber/Documents/Repositories/hackerrank-haskell/app/Main.hs> [("Lib","/Users/germankuber/Documents/Repositories/hackerrank-haskell/src/Lib.hs")])
2020-08-26 11:11:39.816684000000 [17266(ThreadId 13)] ERROR APP - user error (loaded module can not find from path. </Users/germankuber/Documents/Repositories/hackerrank-haskell/src/Test.hs> [("Lib","/Users/germankuber/Documents/Repositories/hackerrank-haskell/src/Lib.hs")])
2020-08-26 11:11:39.830181000000 [17266(ThreadId 13)] ERROR APP - start debugging failed. user error (ExecResult not found.) : Left "user error (ExecResult not found.)"
2020-08-26 11:12:10.527355000000 [17266(ThreadId 16)] CRITICAL THREAD_MGR - Critical exit started.
2020-08-26 11:14:02.922209000000 [17933(ThreadId 13)] ERROR APP - user error (loaded module can not find from path. </Users/germankuber/Documents/Repositories/hackerrank-haskell/src/04-Palindrome-Index.hs> [("Lib","/Users/germankuber/Documents/Repositories/hackerrank-haskell/src/Lib.hs"),("Main","/Users/germankuber/Documents/Repositories/hackerrank-haskell/app/Main.hs")])
2020-08-26 11:14:02.943300000000 [17933(ThreadId 13)] ERROR APP - user error (loaded module can not find from path. </Users/germankuber/Documents/Repositories/hackerrank-haskell/src/05-2D-Array-DS.hs> [("Lib","/Users/germankuber/Documents/Repositories/hackerrank-haskell/src/Lib.hs"),("Main","/Users/germankuber/Documents/Repositories/hackerrank-haskell/app/Main.hs")])
2020-08-26 11:14:02.989346000000 [17933(ThreadId 13)] ERROR APP - user error (loaded module can not find from path. </Users/germankuber/Documents/Repositories/hackerrank-haskell/src/Test.hs> [("Lib","/Users/germankuber/Documents/Repositories/hackerrank-haskell/src/Lib.hs"),("Main","/Users/germankuber/Documents/Repositories/hackerrank-haskell/app/Main.hs")])
2020-08-26 11:14:19.721819000000 [17978(ThreadId 13)] ERROR APP - user error (loaded module can not find from path. </Users/germankuber/Documents/Repositories/hackerrank-haskell/src/04-Palindrome-Index.hs> [("Lib","/Users/germankuber/Documents/Repositories/hackerrank-haskell/src/Lib.hs"),("Main","/Users/germankuber/Documents/Repositories/hackerrank-haskell/app/Main.hs")])
2020-08-26 11:14:19.742840000000 [17978(ThreadId 13)] ERROR APP - user error (loaded module can not find from path. </Users/germankuber/Documents/Repositories/hackerrank-haskell/src/05-2D-Array-DS.hs> [("Lib","/Users/germankuber/Documents/Repositories/hackerrank-haskell/src/Lib.hs"),("Main","/Users/germankuber/Documents/Repositories/hackerrank-haskell/app/Main.hs")])
2020-08-26 11:14:19.788274000000 [17978(ThreadId 13)] ERROR APP - user error (loaded module can not find from path. </Users/germankuber/Documents/Repositories/hackerrank-haskell/src/Test.hs> [("Lib","/Users/germankuber/Documents/Repositories/hackerrank-haskell/src/Lib.hs"),("Main","/Users/germankuber/Documents/Repositories/hackerrank-haskell/app/Main.hs")])
2020-08-26 11:15:01.155147000000 [17978(ThreadId 16)] CRITICAL THREAD_MGR - Critical exit started.
2020-08-26 11:15:03.871521000000 [18015(ThreadId 13)] ERROR APP - user error (loaded module can not find from path. </Users/germankuber/Documents/Repositories/hackerrank-haskell/src/04-Palindrome-Index.hs> [("Lib","/Users/germankuber/Documents/Repositories/hackerrank-haskell/src/Lib.hs"),("Main","/Users/germankuber/Documents/Repositories/hackerrank-haskell/app/Main.hs")])
2020-08-26 11:15:03.896679000000 [18015(ThreadId 13)] ERROR APP - user error (loaded module can not find from path. </Users/germankuber/Documents/Repositories/hackerrank-haskell/src/05-2D-Array-DS.hs> [("Lib","/Users/germankuber/Documents/Repositories/hackerrank-haskell/src/Lib.hs"),("Main","/Users/germankuber/Documents/Repositories/hackerrank-haskell/app/Main.hs")])
2020-08-26 11:15:03.995597000000 [18015(ThreadId 13)] ERROR APP - user error (loaded module can not find from path. </Users/germankuber/Documents/Repositories/hackerrank-haskell/src/Test.hs> [("Lib","/Users/germankuber/Documents/Repositories/hackerrank-haskell/src/Lib.hs"),("Main","/Users/germankuber/Documents/Repositories/hackerrank-haskell/app/Main.hs")])
2020-08-26 11:15:20.940839000000 [18015(ThreadId 16)] CRITICAL THREAD_MGR - Critical exit started.
2020-08-26 11:15:30.601531000000 [18081(ThreadId 13)] ERROR APP - user error (loaded module can not find from path. </Users/germankuber/Documents/Repositories/hackerrank-haskell/src/04-Palindrome-Index.hs> [("Lib","/Users/germankuber/Documents/Repositories/hackerrank-haskell/src/Lib.hs"),("Main","/Users/germankuber/Documents/Repositories/hackerrank-haskell/app/Main.hs")])
2020-08-26 11:15:30.628089000000 [18081(ThreadId 13)] ERROR APP - user error (loaded module can not find from path. </Users/germankuber/Documents/Repositories/hackerrank-haskell/src/05-2D-Array-DS.hs> [("Lib","/Users/germankuber/Documents/Repositories/hackerrank-haskell/src/Lib.hs"),("Main","/Users/germankuber/Documents/Repositories/hackerrank-haskell/app/Main.hs")])
2020-08-26 11:15:30.728060000000 [18081(ThreadId 13)] ERROR APP - user error (loaded module can not find from path. </Users/germankuber/Documents/Repositories/hackerrank-haskell/src/Test.hs> [("Lib","/Users/germankuber/Documents/Repositories/hackerrank-haskell/src/Lib.hs"),("Main","/Users/germankuber/Documents/Repositories/hackerrank-haskell/app/Main.hs")])
2020-08-26 11:18:40.856193000000 [18081(ThreadId 16)] CRITICAL THREAD_MGR - Critical exit started.
2020-08-26 11:20:14.021206000000 [18469(ThreadId 13)] ERROR APP - user error (loaded module can not find from path. </Users/germankuber/Documents/Repositories/hackerrank-haskell/src/04-Palindrome-Index.hs> [("Lib","/Users/germankuber/Documents/Repositories/hackerrank-haskell/src/Lib.hs"),("Main","/Users/germankuber/Documents/Repositories/hackerrank-haskell/app/Main.hs")])
2020-08-26 11:20:14.047952000000 [18469(ThreadId 13)] ERROR APP - user error (loaded module can not find from path. </Users/germankuber/Documents/Repositories/hackerrank-haskell/src/05-2D-Array-DS.hs> [("Lib","/Users/germankuber/Documents/Repositories/hackerrank-haskell/src/Lib.hs"),("Main","/Users/germankuber/Documents/Repositories/hackerrank-haskell/app/Main.hs")])
2020-08-26 11:20:14.152476000000 [18469(ThreadId 13)] ERROR APP - user error (loaded module can not find from path. </Users/germankuber/Documents/Repositories/hackerrank-haskell/src/Test.hs> [("Lib","/Users/germankuber/Documents/Repositories/hackerrank-haskell/src/Lib.hs"),("Main","/Users/germankuber/Documents/Repositories/hackerrank-haskell/app/Main.hs")])
2020-08-26 11:22:21.886623000000 [18469(ThreadId 16)] CRITICAL THREAD_MGR - Critical exit started.
2020-08-26 11:23:05.763613000000 [18561(ThreadId 13)] ERROR APP - user error (loaded module can not find from path. </Users/germankuber/Documents/Repositories/hackerrank-haskell/src/04-Palindrome-Index.hs> [("Lib","/Users/germankuber/Documents/Repositories/hackerrank-haskell/src/Lib.hs"),("Main","/Users/germankuber/Documents/Repositories/hackerrank-haskell/app/Main.hs")])
2020-08-26 11:23:05.793261000000 [18561(ThreadId 13)] ERROR APP - user error (loaded module can not find from path. </Users/germankuber/Documents/Repositories/hackerrank-haskell/src/05-2D-Array-DS.hs> [("Lib","/Users/germankuber/Documents/Repositories/hackerrank-haskell/src/Lib.hs"),("Main","/Users/germankuber/Documents/Repositories/hackerrank-haskell/app/Main.hs")])
2020-08-26 11:23:05.907959000000 [18561(ThreadId 13)] ERROR APP - user error (loaded module can not find from path. </Users/germankuber/Documents/Repositories/hackerrank-haskell/src/Test.hs> [("Lib","/Users/germankuber/Documents/Repositories/hackerrank-haskell/src/Lib.hs"),("Main","/Users/germankuber/Documents/Repositories/hackerrank-haskell/app/Main.hs")])
2020-08-26 11:25:29.504166000000 [18561(ThreadId 16)] CRITICAL THREAD_MGR - Critical exit started.
2020-08-26 14:27:24.182162000000 [27811(ThreadId 13)] ERROR APP - user error (loaded module can not find from path. </Users/germankuber/Documents/Repositories/hackerrank-haskell/src/04-Palindrome-Index.hs> [])
2020-08-26 14:27:24.207296000000 [27811(ThreadId 13)] ERROR APP - user error (loaded module can not find from path. </Users/germankuber/Documents/Repositories/hackerrank-haskell/src/05-2D-Array-DS.hs> [])
2020-08-26 14:27:24.232553000000 [27811(ThreadId 13)] ERROR APP - user error (loaded module can not find from path. </Users/germankuber/Documents/Repositories/hackerrank-haskell/src/10 - Viral Advertising.hs> [])
2020-08-26 14:27:24.299580000000 [27811(ThreadId 13)] ERROR APP - user error (loaded module can not find from path. </Users/germankuber/Documents/Repositories/hackerrank-haskell/app/Main.hs> [])
2020-08-26 14:27:24.325147000000 [27811(ThreadId 13)] ERROR APP - user error (loaded module can not find from path. </Users/germankuber/Documents/Repositories/hackerrank-haskell/src/Test.hs> [])
2020-08-26 14:27:24.354297000000 [27811(ThreadId 13)] ERROR APP - start debugging failed. user error (ExecResult not found.) : Left "user error (ExecResult not found.)"
2020-08-26 14:28:37.836659000000 [27811(ThreadId 16)] CRITICAL THREAD_MGR - Critical exit started.
2020-08-26 14:28:46.907195000000 [28389(ThreadId 13)] ERROR APP - user error (loaded module can not find from path. </Users/germankuber/Documents/Repositories/hackerrank-haskell/src/04-Palindrome-Index.hs> [("Main","/Users/germankuber/Documents/Repositories/hackerrank-haskell/src/10-Viral-Advertising.hs")])
2020-08-26 14:28:46.935037000000 [28389(ThreadId 13)] ERROR APP - user error (loaded module can not find from path. </Users/germankuber/Documents/Repositories/hackerrank-haskell/src/05-2D-Array-DS.hs> [("Main","/Users/germankuber/Documents/Repositories/hackerrank-haskell/src/10-Viral-Advertising.hs")])
2020-08-26 14:28:47.004228000000 [28389(ThreadId 13)] ERROR APP - user error (loaded module can not find from path. </Users/germankuber/Documents/Repositories/hackerrank-haskell/app/Main.hs> [("Main","/Users/germankuber/Documents/Repositories/hackerrank-haskell/src/10-Viral-Advertising.hs")])
2020-08-26 14:28:47.030041000000 [28389(ThreadId 13)] ERROR APP - user error (loaded module can not find from path. </Users/germankuber/Documents/Repositories/hackerrank-haskell/src/Test.hs> [("Main","/Users/germankuber/Documents/Repositories/hackerrank-haskell/src/10-Viral-Advertising.hs")])
2020-08-26 14:28:47.072372000000 [28389(ThreadId 13)] ERROR APP - start debugging failed. user error (ExecResult not found.) : Left "user error (ExecResult not found.)"
2020-08-26 14:29:12.764830000000 [28389(ThreadId 16)] CRITICAL THREAD_MGR - Critical exit started.
2020-08-26 14:29:17.912776000000 [28483(ThreadId 13)] ERROR APP - user error (loaded module can not find from path. </Users/germankuber/Documents/Repositories/hackerrank-haskell/src/04-Palindrome-Index.hs> [("Main","/Users/germankuber/Documents/Repositories/hackerrank-haskell/src/10-Viral-Advertising.hs")])
2020-08-26 14:29:17.938744000000 [28483(ThreadId 13)] ERROR APP - user error (loaded module can not find from path. </Users/germankuber/Documents/Repositories/hackerrank-haskell/src/05-2D-Array-DS.hs> [("Main","/Users/germankuber/Documents/Repositories/hackerrank-haskell/src/10-Viral-Advertising.hs")])
2020-08-26 14:29:18.030447000000 [28483(ThreadId 13)] ERROR APP - user error (loaded module can not find from path. </Users/germankuber/Documents/Repositories/hackerrank-haskell/app/Main.hs> [("Main","/Users/germankuber/Documents/Repositories/hackerrank-haskell/src/10-Viral-Advertising.hs")])
2020-08-26 14:29:18.056863000000 [28483(ThreadId 13)] ERROR APP - user error (loaded module can not find from path. </Users/germankuber/Documents/Repositories/hackerrank-haskell/src/Test.hs> [("Main","/Users/germankuber/Documents/Repositories/hackerrank-haskell/src/10-Viral-Advertising.hs")])
2020-08-26 14:29:20.612561000000 [28483(ThreadId 16)] CRITICAL THREAD_MGR - Critical exit started.
2020-08-26 14:29:29.272407000000 [28543(ThreadId 13)] ERROR APP - user error (loaded module can not find from path. </Users/germankuber/Documents/Repositories/hackerrank-haskell/src/04-Palindrome-Index.hs> [("Main","/Users/germankuber/Documents/Repositories/hackerrank-haskell/src/10-Viral-Advertising.hs")])
2020-08-26 14:29:29.299495000000 [28543(ThreadId 13)] ERROR APP - user error (loaded module can not find from path. </Users/germankuber/Documents/Repositories/hackerrank-haskell/src/05-2D-Array-DS.hs> [("Main","/Users/germankuber/Documents/Repositories/hackerrank-haskell/src/10-Viral-Advertising.hs")])
2020-08-26 14:29:29.399060000000 [28543(ThreadId 13)] ERROR APP - user error (loaded module can not find from path. </Users/germankuber/Documents/Repositories/hackerrank-haskell/app/Main.hs> [("Main","/Users/germankuber/Documents/Repositories/hackerrank-haskell/src/10-Viral-Advertising.hs")])
2020-08-26 14:29:29.426450000000 [28543(ThreadId 13)] ERROR APP - user error (loaded module can not find from path. </Users/germankuber/Documents/Repositories/hackerrank-haskell/src/Test.hs> [("Main","/Users/germankuber/Documents/Repositories/hackerrank-haskell/src/10-Viral-Advertising.hs")])
2020-08-26 14:29:33.030168000000 [28543(ThreadId 16)] CRITICAL THREAD_MGR - Critical exit started.
2020-08-26 14:31:29.758884000000 [28775(ThreadId 13)] ERROR APP - user error (loaded module can not find from path. </Users/germankuber/Documents/Repositories/hackerrank-haskell/src/04-Palindrome-Index.hs> [("Main","/Users/germankuber/Documents/Repositories/hackerrank-haskell/src/10-Viral-Advertising.hs")])
2020-08-26 14:31:29.785882000000 [28775(ThreadId 13)] ERROR APP - user error (loaded module can not find from path. </Users/germankuber/Documents/Repositories/hackerrank-haskell/src/05-2D-Array-DS.hs> [("Main","/Users/germankuber/Documents/Repositories/hackerrank-haskell/src/10-Viral-Advertising.hs")])
2020-08-26 14:31:29.896115000000 [28775(ThreadId 13)] ERROR APP - user error (loaded module can not find from path. </Users/germankuber/Documents/Repositories/hackerrank-haskell/app/Main.hs> [("Main","/Users/germankuber/Documents/Repositories/hackerrank-haskell/src/10-Viral-Advertising.hs")])
2020-08-26 14:31:29.933188000000 [28775(ThreadId 13)] ERROR APP - user error (loaded module can not find from path. </Users/germankuber/Documents/Repositories/hackerrank-haskell/src/Test.hs> [("Main","/Users/germankuber/Documents/Repositories/hackerrank-haskell/src/10-Viral-Advertising.hs")])
2020-08-26 14:34:18.703667000000 [28775(ThreadId 16)] CRITICAL THREAD_MGR - Critical exit started.
2020-08-26 20:08:05.232327000000 [1018(ThreadId 13)] ERROR APP - user error (loaded module can not find from path. </Users/germankuber/Documents/Repositories/hackerrank-haskell/src/04-Palindrome-Index.hs> [("Main","/Users/germankuber/Documents/Repositories/hackerrank-haskell/src/11-Queen-Attack-II.hs")])
2020-08-26 20:08:05.262005000000 [1018(ThreadId 13)] ERROR APP - user error (loaded module can not find from path. </Users/germankuber/Documents/Repositories/hackerrank-haskell/src/05-2D-Array-DS.hs> [("Main","/Users/germankuber/Documents/Repositories/hackerrank-haskell/src/11-Queen-Attack-II.hs")])
2020-08-26 20:08:05.280509000000 [1018(ThreadId 13)] ERROR APP - user error (loaded module can not find from path. </Users/germankuber/Documents/Repositories/hackerrank-haskell/src/10-Viral-Advertising.hs> [("Main","/Users/germankuber/Documents/Repositories/hackerrank-haskell/src/11-Queen-Attack-II.hs")])
2020-08-26 20:08:05.366265000000 [1018(ThreadId 13)] ERROR APP - user error (loaded module can not find from path. </Users/germankuber/Documents/Repositories/hackerrank-haskell/app/Main.hs> [("Main","/Users/germankuber/Documents/Repositories/hackerrank-haskell/src/11-Queen-Attack-II.hs")])
2020-08-26 20:08:05.387237000000 [1018(ThreadId 13)] ERROR APP - user error (loaded module can not find from path. </Users/germankuber/Documents/Repositories/hackerrank-haskell/src/Test.hs> [("Main","/Users/germankuber/Documents/Repositories/hackerrank-haskell/src/11-Queen-Attack-II.hs")])
2020-08-26 20:08:16.340463000000 [1018(ThreadId 16)] CRITICAL THREAD_MGR - Critical exit started.
2020-08-26 20:08:24.403264000000 [1248(ThreadId 13)] ERROR APP - user error (loaded module can not find from path. </Users/germankuber/Documents/Repositories/hackerrank-haskell/src/04-Palindrome-Index.hs> [("Main","/Users/germankuber/Documents/Repositories/hackerrank-haskell/src/11-Queen-Attack-II.hs")])
2020-08-26 20:08:24.418736000000 [1248(ThreadId 13)] ERROR APP - user error (loaded module can not find from path. </Users/germankuber/Documents/Repositories/hackerrank-haskell/src/05-2D-Array-DS.hs> [("Main","/Users/germankuber/Documents/Repositories/hackerrank-haskell/src/11-Queen-Attack-II.hs")])
2020-08-26 20:08:24.433371000000 [1248(ThreadId 13)] ERROR APP - user error (loaded module can not find from path. </Users/germankuber/Documents/Repositories/hackerrank-haskell/src/10-Viral-Advertising.hs> [("Main","/Users/germankuber/Documents/Repositories/hackerrank-haskell/src/11-Queen-Attack-II.hs")])
2020-08-26 20:08:24.497485000000 [1248(ThreadId 13)] ERROR APP - user error (loaded module can not find from path. </Users/germankuber/Documents/Repositories/hackerrank-haskell/app/Main.hs> [("Main","/Users/germankuber/Documents/Repositories/hackerrank-haskell/src/11-Queen-Attack-II.hs")])
2020-08-26 20:08:24.515346000000 [1248(ThreadId 13)] ERROR APP - user error (loaded module can not find from path. </Users/germankuber/Documents/Repositories/hackerrank-haskell/src/Test.hs> [("Main","/Users/germankuber/Documents/Repositories/hackerrank-haskell/src/11-Queen-Attack-II.hs")])
2020-08-26 20:08:29.383712000000 [1248(ThreadId 16)] CRITICAL THREAD_MGR - Critical exit started.
2020-08-26 20:08:31.454367000000 [1271(ThreadId 13)] ERROR APP - user error (loaded module can not find from path. </Users/germankuber/Documents/Repositories/hackerrank-haskell/src/04-Palindrome-Index.hs> [("Main","/Users/germankuber/Documents/Repositories/hackerrank-haskell/src/11-Queen-Attack-II.hs")])
2020-08-26 20:08:31.476054000000 [1271(ThreadId 13)] ERROR APP - user error (loaded module can not find from path. </Users/germankuber/Documents/Repositories/hackerrank-haskell/src/05-2D-Array-DS.hs> [("Main","/Users/germankuber/Documents/Repositories/hackerrank-haskell/src/11-Queen-Attack-II.hs")])
2020-08-26 20:08:31.491453000000 [1271(ThreadId 13)] ERROR APP - user error (loaded module can not find from path. </Users/germankuber/Documents/Repositories/hackerrank-haskell/src/10-Viral-Advertising.hs> [("Main","/Users/germankuber/Documents/Repositories/hackerrank-haskell/src/11-Queen-Attack-II.hs")])
2020-08-26 20:08:31.563724000000 [1271(ThreadId 13)] ERROR APP - user error (loaded module can not find from path. </Users/germankuber/Documents/Repositories/hackerrank-haskell/app/Main.hs> [("Main","/Users/germankuber/Documents/Repositories/hackerrank-haskell/src/11-Queen-Attack-II.hs")])
2020-08-26 20:08:31.577559000000 [1271(ThreadId 13)] ERROR APP - user error (loaded module can not find from path. </Users/germankuber/Documents/Repositories/hackerrank-haskell/src/Test.hs> [("Main","/Users/germankuber/Documents/Repositories/hackerrank-haskell/src/11-Queen-Attack-II.hs")])
2020-08-26 20:08:34.381057000000 [1271(ThreadId 16)] CRITICAL THREAD_MGR - Critical exit started.
2020-08-26 20:08:35.860332000000 [1297(ThreadId 13)] ERROR APP - user error (loaded module can not find from path. </Users/germankuber/Documents/Repositories/hackerrank-haskell/src/04-Palindrome-Index.hs> [("Main","/Users/germankuber/Documents/Repositories/hackerrank-haskell/src/11-Queen-Attack-II.hs")])
2020-08-26 20:08:35.876243000000 [1297(ThreadId 13)] ERROR APP - user error (loaded module can not find from path. </Users/germankuber/Documents/Repositories/hackerrank-haskell/src/05-2D-Array-DS.hs> [("Main","/Users/germankuber/Documents/Repositories/hackerrank-haskell/src/11-Queen-Attack-II.hs")])
2020-08-26 20:08:35.891189000000 [1297(ThreadId 13)] ERROR APP - user error (loaded module can not find from path. </Users/germankuber/Documents/Repositories/hackerrank-haskell/src/10-Viral-Advertising.hs> [("Main","/Users/germankuber/Documents/Repositories/hackerrank-haskell/src/11-Queen-Attack-II.hs")])
2020-08-26 20:08:35.962662000000 [1297(ThreadId 13)] ERROR APP - user error (loaded module can not find from path. </Users/germankuber/Documents/Repositories/hackerrank-haskell/app/Main.hs> [("Main","/Users/germankuber/Documents/Repositories/hackerrank-haskell/src/11-Queen-Attack-II.hs")])
2020-08-26 20:08:35.977425000000 [1297(ThreadId 13)] ERROR APP - user error (loaded module can not find from path. </Users/germankuber/Documents/Repositories/hackerrank-haskell/src/Test.hs> [("Main","/Users/germankuber/Documents/Repositories/hackerrank-haskell/src/11-Queen-Attack-II.hs")])
2020-08-26 20:09:04.820339000000 [1297(ThreadId 16)] CRITICAL THREAD_MGR - Critical exit started.
2020-08-26 20:10:04.537955000000 [1456(ThreadId 13)] ERROR APP - user error (loaded module can not find from path. </Users/germankuber/Documents/Repositories/hackerrank-haskell/src/04-Palindrome-Index.hs> [("Main","/Users/germankuber/Documents/Repositories/hackerrank-haskell/src/11-Queen-Attack-II.hs")])
2020-08-26 20:10:04.556138000000 [1456(ThreadId 13)] ERROR APP - user error (loaded module can not find from path. </Users/germankuber/Documents/Repositories/hackerrank-haskell/src/05-2D-Array-DS.hs> [("Main","/Users/germankuber/Documents/Repositories/hackerrank-haskell/src/11-Queen-Attack-II.hs")])
2020-08-26 20:10:04.571343000000 [1456(ThreadId 13)] ERROR APP - user error (loaded module can not find from path. </Users/germankuber/Documents/Repositories/hackerrank-haskell/src/10-Viral-Advertising.hs> [("Main","/Users/germankuber/Documents/Repositories/hackerrank-haskell/src/11-Queen-Attack-II.hs")])
2020-08-26 20:10:04.644370000000 [1456(ThreadId 13)] ERROR APP - user error (loaded module can not find from path. </Users/germankuber/Documents/Repositories/hackerrank-haskell/app/Main.hs> [("Main","/Users/germankuber/Documents/Repositories/hackerrank-haskell/src/11-Queen-Attack-II.hs")])
2020-08-26 20:10:04.659791000000 [1456(ThreadId 13)] ERROR APP - user error (loaded module can not find from path. </Users/germankuber/Documents/Repositories/hackerrank-haskell/src/Test.hs> [("Main","/Users/germankuber/Documents/Repositories/hackerrank-haskell/src/11-Queen-Attack-II.hs")])
2020-08-26 20:10:12.500412000000 [1456(ThreadId 16)] CRITICAL THREAD_MGR - Critical exit started.
2020-08-26 20:12:22.857748000000 [2613(ThreadId 13)] ERROR APP - user error (loaded module can not find from path. </Users/germankuber/Documents/Repositories/hackerrank-haskell/src/04-Palindrome-Index.hs> [("Main","/Users/germankuber/Documents/Repositories/hackerrank-haskell/src/11-Queen-Attack-II.hs")])
2020-08-26 20:12:22.874014000000 [2613(ThreadId 13)] ERROR APP - user error (loaded module can not find from path. </Users/germankuber/Documents/Repositories/hackerrank-haskell/src/05-2D-Array-DS.hs> [("Main","/Users/germankuber/Documents/Repositories/hackerrank-haskell/src/11-Queen-Attack-II.hs")])
2020-08-26 20:12:22.889191000000 [2613(ThreadId 13)] ERROR APP - user error (loaded module can not find from path. </Users/germankuber/Documents/Repositories/hackerrank-haskell/src/10-Viral-Advertising.hs> [("Main","/Users/germankuber/Documents/Repositories/hackerrank-haskell/src/11-Queen-Attack-II.hs")])
2020-08-26 20:12:22.960751000000 [2613(ThreadId 13)] ERROR APP - user error (loaded module can not find from path. </Users/germankuber/Documents/Repositories/hackerrank-haskell/app/Main.hs> [("Main","/Users/germankuber/Documents/Repositories/hackerrank-haskell/src/11-Queen-Attack-II.hs")])
2020-08-26 20:12:22.975580000000 [2613(ThreadId 13)] ERROR APP - user error (loaded module can not find from path. </Users/germankuber/Documents/Repositories/hackerrank-haskell/src/Test.hs> [("Main","/Users/germankuber/Documents/Repositories/hackerrank-haskell/src/11-Queen-Attack-II.hs")])
2020-08-26 20:12:40.824319000000 [2613(ThreadId 16)] CRITICAL THREAD_MGR - Critical exit started.
2020-08-26 20:14:25.909181000000 [2656(ThreadId 13)] ERROR APP - user error (loaded module can not find from path. </Users/germankuber/Documents/Repositories/hackerrank-haskell/src/04-Palindrome-Index.hs> [("Main","/Users/germankuber/Documents/Repositories/hackerrank-haskell/src/11-Queen-Attack-II.hs")])
2020-08-26 20:14:25.924925000000 [2656(ThreadId 13)] ERROR APP - user error (loaded module can not find from path. </Users/germankuber/Documents/Repositories/hackerrank-haskell/src/05-2D-Array-DS.hs> [("Main","/Users/germankuber/Documents/Repositories/hackerrank-haskell/src/11-Queen-Attack-II.hs")])
2020-08-26 20:14:25.940433000000 [2656(ThreadId 13)] ERROR APP - user error (loaded module can not find from path. </Users/germankuber/Documents/Repositories/hackerrank-haskell/src/10-Viral-Advertising.hs> [("Main","/Users/germankuber/Documents/Repositories/hackerrank-haskell/src/11-Queen-Attack-II.hs")])
2020-08-26 20:14:26.014338000000 [2656(ThreadId 13)] ERROR APP - user error (loaded module can not find from path. </Users/germankuber/Documents/Repositories/hackerrank-haskell/app/Main.hs> [("Main","/Users/germankuber/Documents/Repositories/hackerrank-haskell/src/11-Queen-Attack-II.hs")])
2020-08-26 20:14:26.028531000000 [2656(ThreadId 13)] ERROR APP - user error (loaded module can not find from path. </Users/germankuber/Documents/Repositories/hackerrank-haskell/src/Test.hs> [("Main","/Users/germankuber/Documents/Repositories/hackerrank-haskell/src/11-Queen-Attack-II.hs")])
2020-08-26 20:15:08.899327000000 [2656(ThreadId 16)] CRITICAL THREAD_MGR - Critical exit started.
2020-08-26 20:15:26.836464000000 [2698(ThreadId 13)] ERROR APP - user error (loaded module can not find from path. </Users/germankuber/Documents/Repositories/hackerrank-haskell/src/04-Palindrome-Index.hs> [("Main","/Users/germankuber/Documents/Repositories/hackerrank-haskell/src/11-Queen-Attack-II.hs")])
2020-08-26 20:15:26.851962000000 [2698(ThreadId 13)] ERROR APP - user error (loaded module can not find from path. </Users/germankuber/Documents/Repositories/hackerrank-haskell/src/05-2D-Array-DS.hs> [("Main","/Users/germankuber/Documents/Repositories/hackerrank-haskell/src/11-Queen-Attack-II.hs")])
2020-08-26 20:15:26.867825000000 [2698(ThreadId 13)] ERROR APP - user error (loaded module can not find from path. </Users/germankuber/Documents/Repositories/hackerrank-haskell/src/10-Viral-Advertising.hs> [("Main","/Users/germankuber/Documents/Repositories/hackerrank-haskell/src/11-Queen-Attack-II.hs")])
2020-08-26 20:15:26.945675000000 [2698(ThreadId 13)] ERROR APP - user error (loaded module can not find from path. </Users/germankuber/Documents/Repositories/hackerrank-haskell/app/Main.hs> [("Main","/Users/germankuber/Documents/Repositories/hackerrank-haskell/src/11-Queen-Attack-II.hs")])
2020-08-26 20:15:26.960309000000 [2698(ThreadId 13)] ERROR APP - user error (loaded module can not find from path. </Users/germankuber/Documents/Repositories/hackerrank-haskell/src/Test.hs> [("Main","/Users/germankuber/Documents/Repositories/hackerrank-haskell/src/11-Queen-Attack-II.hs")])
2020-08-26 20:15:57.812786000000 [2698(ThreadId 16)] CRITICAL THREAD_MGR - Critical exit started.
2020-08-26 21:49:13.903820000000 [4344(ThreadId 13)] ERROR APP - user error (loaded module can not find from path. </Users/germankuber/Documents/Repositories/hackerrank-haskell/src/04-Palindrome-Index.hs> [("Main","/Users/germankuber/Documents/Repositories/hackerrank-haskell/src/11-Queen-Attack-II.hs")])
2020-08-26 21:49:13.919229000000 [4344(ThreadId 13)] ERROR APP - user error (loaded module can not find from path. </Users/germankuber/Documents/Repositories/hackerrank-haskell/src/05-2D-Array-DS.hs> [("Main","/Users/germankuber/Documents/Repositories/hackerrank-haskell/src/11-Queen-Attack-II.hs")])
2020-08-26 21:49:13.934465000000 [4344(ThreadId 13)] ERROR APP - user error (loaded module can not find from path. </Users/germankuber/Documents/Repositories/hackerrank-haskell/src/10-Viral-Advertising.hs> [("Main","/Users/germankuber/Documents/Repositories/hackerrank-haskell/src/11-Queen-Attack-II.hs")])
2020-08-26 21:49:14.016931000000 [4344(ThreadId 13)] ERROR APP - user error (loaded module can not find from path. </Users/germankuber/Documents/Repositories/hackerrank-haskell/app/Main.hs> [("Main","/Users/germankuber/Documents/Repositories/hackerrank-haskell/src/11-Queen-Attack-II.hs")])
2020-08-26 21:49:14.032622000000 [4344(ThreadId 13)] ERROR APP - user error (loaded module can not find from path. </Users/germankuber/Documents/Repositories/hackerrank-haskell/src/Test.hs> [("Main","/Users/germankuber/Documents/Repositories/hackerrank-haskell/src/11-Queen-Attack-II.hs")])
2020-08-26 21:49:23.848423000000 [4344(ThreadId 16)] CRITICAL THREAD_MGR - Critical exit started.
2020-08-26 21:49:26.010355000000 [4362(ThreadId 13)] ERROR APP - user error (loaded module can not find from path. </Users/germankuber/Documents/Repositories/hackerrank-haskell/src/04-Palindrome-Index.hs> [("Main","/Users/germankuber/Documents/Repositories/hackerrank-haskell/src/11-Queen-Attack-II.hs")])
2020-08-26 21:49:26.025585000000 [4362(ThreadId 13)] ERROR APP - user error (loaded module can not find from path. </Users/germankuber/Documents/Repositories/hackerrank-haskell/src/05-2D-Array-DS.hs> [("Main","/Users/germankuber/Documents/Repositories/hackerrank-haskell/src/11-Queen-Attack-II.hs")])
2020-08-26 21:49:26.040404000000 [4362(ThreadId 13)] ERROR APP - user error (loaded module can not find from path. </Users/germankuber/Documents/Repositories/hackerrank-haskell/src/10-Viral-Advertising.hs> [("Main","/Users/germankuber/Documents/Repositories/hackerrank-haskell/src/11-Queen-Attack-II.hs")])
2020-08-26 21:49:26.093182000000 [4362(ThreadId 13)] ERROR APP - user error (loaded module can not find from path. </Users/germankuber/Documents/Repositories/hackerrank-haskell/app/Main.hs> [("Main","/Users/germankuber/Documents/Repositories/hackerrank-haskell/src/11-Queen-Attack-II.hs")])
2020-08-26 21:49:26.108138000000 [4362(ThreadId 13)] ERROR APP - user error (loaded module can not find from path. </Users/germankuber/Documents/Repositories/hackerrank-haskell/src/Test.hs> [("Main","/Users/germankuber/Documents/Repositories/hackerrank-haskell/src/11-Queen-Attack-II.hs")])
2020-08-26 21:49:27.942820000000 [4362(ThreadId 16)] CRITICAL THREAD_MGR - Critical exit started.
2020-08-26 21:49:32.290673000000 [4388(ThreadId 13)] ERROR APP - user error (loaded module can not find from path. </Users/germankuber/Documents/Repositories/hackerrank-haskell/src/04-Palindrome-Index.hs> [("Main","/Users/germankuber/Documents/Repositories/hackerrank-haskell/src/11-Queen-Attack-II.hs")])
2020-08-26 21:49:32.306517000000 [4388(ThreadId 13)] ERROR APP - user error (loaded module can not find from path. </Users/germankuber/Documents/Repositories/hackerrank-haskell/src/05-2D-Array-DS.hs> [("Main","/Users/germankuber/Documents/Repositories/hackerrank-haskell/src/11-Queen-Attack-II.hs")])
2020-08-26 21:49:32.321628000000 [4388(ThreadId 13)] ERROR APP - user error (loaded module can not find from path. </Users/germankuber/Documents/Repositories/hackerrank-haskell/src/10-Viral-Advertising.hs> [("Main","/Users/germankuber/Documents/Repositories/hackerrank-haskell/src/11-Queen-Attack-II.hs")])
2020-08-26 21:49:32.383289000000 [4388(ThreadId 13)] ERROR APP - user error (loaded module can not find from path. </Users/germankuber/Documents/Repositories/hackerrank-haskell/app/Main.hs> [("Main","/Users/germankuber/Documents/Repositories/hackerrank-haskell/src/11-Queen-Attack-II.hs")])
2020-08-26 21:49:32.397914000000 [4388(ThreadId 13)] ERROR APP - user error (loaded module can not find from path. </Users/germankuber/Documents/Repositories/hackerrank-haskell/src/Test.hs> [("Main","/Users/germankuber/Documents/Repositories/hackerrank-haskell/src/11-Queen-Attack-II.hs")])
2020-08-26 21:49:34.235473000000 [4388(ThreadId 16)] CRITICAL THREAD_MGR - Critical exit started.
2020-08-27 16:41:28.245831000000 [11992(ThreadId 13)] ERROR APP - user error (loaded module can not find from path. </Users/germankuber/Documents/Repositories/hackerrank-haskell/src/04-Palindrome-Index.hs> [("Main","/Users/germankuber/Documents/Repositories/hackerrank-haskell/src/12-Electronics-Shop.hs")])
2020-08-27 16:41:28.261864000000 [11992(ThreadId 13)] ERROR APP - user error (loaded module can not find from path. </Users/germankuber/Documents/Repositories/hackerrank-haskell/src/05-2D-Array-DS.hs> [("Main","/Users/germankuber/Documents/Repositories/hackerrank-haskell/src/12-Electronics-Shop.hs")])
2020-08-27 16:41:28.276504000000 [11992(ThreadId 13)] ERROR APP - user error (loaded module can not find from path. </Users/germankuber/Documents/Repositories/hackerrank-haskell/src/10-Viral-Advertising.hs> [("Main","/Users/germankuber/Documents/Repositories/hackerrank-haskell/src/12-Electronics-Shop.hs")])
2020-08-27 16:41:28.291122000000 [11992(ThreadId 13)] ERROR APP - user error (loaded module can not find from path. </Users/germankuber/Documents/Repositories/hackerrank-haskell/src/11-Queen-Attack-II.hs> [("Main","/Users/germankuber/Documents/Repositories/hackerrank-haskell/src/12-Electronics-Shop.hs")])
2020-08-27 16:41:28.328958000000 [11992(ThreadId 13)] ERROR APP - user error (loaded module can not find from path. </Users/germankuber/Documents/Repositories/hackerrank-haskell/app/Main.hs> [("Main","/Users/germankuber/Documents/Repositories/hackerrank-haskell/src/12-Electronics-Shop.hs")])
2020-08-27 16:41:28.342576000000 [11992(ThreadId 13)] ERROR APP - user error (loaded module can not find from path. </Users/germankuber/Documents/Repositories/hackerrank-haskell/src/Test.hs> [("Main","/Users/germankuber/Documents/Repositories/hackerrank-haskell/src/12-Electronics-Shop.hs")])
2020-08-27 16:41:28.360620000000 [11992(ThreadId 13)] ERROR APP - start debugging failed. user error (ExecResult not found.) : Left "user error (ExecResult not found.)"
2020-08-27 16:41:38.471202000000 [11992(ThreadId 16)] CRITICAL THREAD_MGR - Critical exit started.
2020-08-27 16:43:53.487159000000 [12043(ThreadId 16)] CRITICAL THREAD_MGR - Critical exit started.
2020-08-27 16:43:56.925095000000 [12073(ThreadId 13)] ERROR APP - user error (loaded module can not find from path. </Users/germankuber/Documents/Repositories/hackerrank-haskell/src/04-Palindrome-Index.hs> [("Main","/Users/germankuber/Documents/Repositories/hackerrank-haskell/src/12-Electronics-Shop.hs")])
2020-08-27 16:43:56.942882000000 [12073(ThreadId 13)] ERROR APP - user error (loaded module can not find from path. </Users/germankuber/Documents/Repositories/hackerrank-haskell/src/05-2D-Array-DS.hs> [("Main","/Users/germankuber/Documents/Repositories/hackerrank-haskell/src/12-Electronics-Shop.hs")])
2020-08-27 16:43:56.958814000000 [12073(ThreadId 13)] ERROR APP - user error (loaded module can not find from path. </Users/germankuber/Documents/Repositories/hackerrank-haskell/src/10-Viral-Advertising.hs> [("Main","/Users/germankuber/Documents/Repositories/hackerrank-haskell/src/12-Electronics-Shop.hs")])
2020-08-27 16:43:56.986854000000 [12073(ThreadId 13)] ERROR APP - user error (loaded module can not find from path. </Users/germankuber/Documents/Repositories/hackerrank-haskell/src/11-Queen-Attack-II.hs> [("Main","/Users/germankuber/Documents/Repositories/hackerrank-haskell/src/12-Electronics-Shop.hs")])
2020-08-27 16:43:57.052223000000 [12073(ThreadId 13)] ERROR APP - user error (loaded module can not find from path. </Users/germankuber/Documents/Repositories/hackerrank-haskell/app/Main.hs> [("Main","/Users/germankuber/Documents/Repositories/hackerrank-haskell/src/12-Electronics-Shop.hs")])
2020-08-27 16:43:57.066943000000 [12073(ThreadId 13)] ERROR APP - user error (loaded module can not find from path. </Users/germankuber/Documents/Repositories/hackerrank-haskell/src/Test.hs> [("Main","/Users/germankuber/Documents/Repositories/hackerrank-haskell/src/12-Electronics-Shop.hs")])
2020-08-27 16:43:57.086536000000 [12073(ThreadId 13)] ERROR APP - start debugging failed. user error (ExecResult not found.) : Left "user error (ExecResult not found.)"
2020-08-27 16:44:12.787463000000 [12073(ThreadId 16)] CRITICAL THREAD_MGR - Critical exit started.
2020-08-27 16:44:14.717468000000 [12119(ThreadId 13)] ERROR APP - user error (loaded module can not find from path. </Users/germankuber/Documents/Repositories/hackerrank-haskell/src/04-Palindrome-Index.hs> [("Main","/Users/germankuber/Documents/Repositories/hackerrank-haskell/src/12-Electronics-Shop.hs")])
2020-08-27 16:44:14.732791000000 [12119(ThreadId 13)] ERROR APP - user error (loaded module can not find from path. </Users/germankuber/Documents/Repositories/hackerrank-haskell/src/05-2D-Array-DS.hs> [("Main","/Users/germankuber/Documents/Repositories/hackerrank-haskell/src/12-Electronics-Shop.hs")])
2020-08-27 16:44:14.748106000000 [12119(ThreadId 13)] ERROR APP - user error (loaded module can not find from path. </Users/germankuber/Documents/Repositories/hackerrank-haskell/src/10-Viral-Advertising.hs> [("Main","/Users/germankuber/Documents/Repositories/hackerrank-haskell/src/12-Electronics-Shop.hs")])
2020-08-27 16:44:14.763264000000 [12119(ThreadId 13)] ERROR APP - user error (loaded module can not find from path. </Users/germankuber/Documents/Repositories/hackerrank-haskell/src/11-Queen-Attack-II.hs> [("Main","/Users/germankuber/Documents/Repositories/hackerrank-haskell/src/12-Electronics-Shop.hs")])
2020-08-27 16:44:14.826272000000 [12119(ThreadId 13)] ERROR APP - user error (loaded module can not find from path. </Users/germankuber/Documents/Repositories/hackerrank-haskell/app/Main.hs> [("Main","/Users/germankuber/Documents/Repositories/hackerrank-haskell/src/12-Electronics-Shop.hs")])
2020-08-27 16:44:14.840174000000 [12119(ThreadId 13)] ERROR APP - user error (loaded module can not find from path. </Users/germankuber/Documents/Repositories/hackerrank-haskell/src/Test.hs> [("Main","/Users/germankuber/Documents/Repositories/hackerrank-haskell/src/12-Electronics-Shop.hs")])
2020-08-27 16:44:14.857332000000 [12119(ThreadId 13)] ERROR APP - start debugging failed. user error (ExecResult not found.) : Left "user error (ExecResult not found.)"
2020-08-27 16:44:34.623370000000 [12119(ThreadId 16)] CRITICAL THREAD_MGR - Critical exit started.
2020-08-27 16:44:37.137801000000 [12161(ThreadId 13)] ERROR APP - user error (loaded module can not find from path. </Users/germankuber/Documents/Repositories/hackerrank-haskell/src/04-Palindrome-Index.hs> [("Main","/Users/germankuber/Documents/Repositories/hackerrank-haskell/src/12-Electronics-Shop.hs")])
2020-08-27 16:44:37.153154000000 [12161(ThreadId 13)] ERROR APP - user error (loaded module can not find from path. </Users/germankuber/Documents/Repositories/hackerrank-haskell/src/05-2D-Array-DS.hs> [("Main","/Users/germankuber/Documents/Repositories/hackerrank-haskell/src/12-Electronics-Shop.hs")])
2020-08-27 16:44:37.168244000000 [12161(ThreadId 13)] ERROR APP - user error (loaded module can not find from path. </Users/germankuber/Documents/Repositories/hackerrank-haskell/src/10-Viral-Advertising.hs> [("Main","/Users/germankuber/Documents/Repositories/hackerrank-haskell/src/12-Electronics-Shop.hs")])
2020-08-27 16:44:37.182704000000 [12161(ThreadId 13)] ERROR APP - user error (loaded module can not find from path. </Users/germankuber/Documents/Repositories/hackerrank-haskell/src/11-Queen-Attack-II.hs> [("Main","/Users/germankuber/Documents/Repositories/hackerrank-haskell/src/12-Electronics-Shop.hs")])
2020-08-27 16:44:37.243267000000 [12161(ThreadId 13)] ERROR APP - user error (loaded module can not find from path. </Users/germankuber/Documents/Repositories/hackerrank-haskell/app/Main.hs> [("Main","/Users/germankuber/Documents/Repositories/hackerrank-haskell/src/12-Electronics-Shop.hs")])
2020-08-27 16:44:37.257615000000 [12161(ThreadId 13)] ERROR APP - user error (loaded module can not find from path. </Users/germankuber/Documents/Repositories/hackerrank-haskell/src/Test.hs> [("Main","/Users/germankuber/Documents/Repositories/hackerrank-haskell/src/12-Electronics-Shop.hs")])
2020-08-27 16:44:37.272561000000 [12161(ThreadId 13)] ERROR APP - start debugging failed. user error (ExecResult not found.) : Left "user error (ExecResult not found.)"
2020-08-27 16:45:08.034167000000 [12161(ThreadId 16)] CRITICAL THREAD_MGR - Critical exit started.
2020-08-27 16:45:11.255944000000 [12206(ThreadId 13)] ERROR APP - user error (loaded module can not find from path. </Users/germankuber/Documents/Repositories/hackerrank-haskell/src/04-Palindrome-Index.hs> [("Main","/Users/germankuber/Documents/Repositories/hackerrank-haskell/src/12-Electronics-Shop.hs")])
2020-08-27 16:45:11.271551000000 [12206(ThreadId 13)] ERROR APP - user error (loaded module can not find from path. </Users/germankuber/Documents/Repositories/hackerrank-haskell/src/05-2D-Array-DS.hs> [("Main","/Users/germankuber/Documents/Repositories/hackerrank-haskell/src/12-Electronics-Shop.hs")])
2020-08-27 16:45:11.287093000000 [12206(ThreadId 13)] ERROR APP - user error (loaded module can not find from path. </Users/germankuber/Documents/Repositories/hackerrank-haskell/src/10-Viral-Advertising.hs> [("Main","/Users/germankuber/Documents/Repositories/hackerrank-haskell/src/12-Electronics-Shop.hs")])
2020-08-27 16:45:11.301853000000 [12206(ThreadId 13)] ERROR APP - user error (loaded module can not find from path. </Users/germankuber/Documents/Repositories/hackerrank-haskell/src/11-Queen-Attack-II.hs> [("Main","/Users/germankuber/Documents/Repositories/hackerrank-haskell/src/12-Electronics-Shop.hs")])
2020-08-27 16:45:11.363432000000 [12206(ThreadId 13)] ERROR APP - user error (loaded module can not find from path. </Users/germankuber/Documents/Repositories/hackerrank-haskell/app/Main.hs> [("Main","/Users/germankuber/Documents/Repositories/hackerrank-haskell/src/12-Electronics-Shop.hs")])
2020-08-27 16:45:11.378031000000 [12206(ThreadId 13)] ERROR APP - user error (loaded module can not find from path. </Users/germankuber/Documents/Repositories/hackerrank-haskell/src/Test.hs> [("Main","/Users/germankuber/Documents/Repositories/hackerrank-haskell/src/12-Electronics-Shop.hs")])
2020-08-27 16:45:25.865013000000 [12206(ThreadId 16)] CRITICAL THREAD_MGR - Critical exit started.
2020-08-27 16:45:27.769469000000 [12239(ThreadId 13)] ERROR APP - user error (loaded module can not find from path. </Users/germankuber/Documents/Repositories/hackerrank-haskell/src/04-Palindrome-Index.hs> [("Main","/Users/germankuber/Documents/Repositories/hackerrank-haskell/src/12-Electronics-Shop.hs")])
2020-08-27 16:45:27.785616000000 [12239(ThreadId 13)] ERROR APP - user error (loaded module can not find from path. </Users/germankuber/Documents/Repositories/hackerrank-haskell/src/05-2D-Array-DS.hs> [("Main","/Users/germankuber/Documents/Repositories/hackerrank-haskell/src/12-Electronics-Shop.hs")])
2020-08-27 16:45:27.801883000000 [12239(ThreadId 13)] ERROR APP - user error (loaded module can not find from path. </Users/germankuber/Documents/Repositories/hackerrank-haskell/src/10-Viral-Advertising.hs> [("Main","/Users/germankuber/Documents/Repositories/hackerrank-haskell/src/12-Electronics-Shop.hs")])
2020-08-27 16:45:27.816594000000 [12239(ThreadId 13)] ERROR APP - user error (loaded module can not find from path. </Users/germankuber/Documents/Repositories/hackerrank-haskell/src/11-Queen-Attack-II.hs> [("Main","/Users/germankuber/Documents/Repositories/hackerrank-haskell/src/12-Electronics-Shop.hs")])
2020-08-27 16:45:27.898612000000 [12239(ThreadId 13)] ERROR APP - user error (loaded module can not find from path. </Users/germankuber/Documents/Repositories/hackerrank-haskell/app/Main.hs> [("Main","/Users/germankuber/Documents/Repositories/hackerrank-haskell/src/12-Electronics-Shop.hs")])
2020-08-27 16:45:27.912899000000 [12239(ThreadId 13)] ERROR APP - user error (loaded module can not find from path. </Users/germankuber/Documents/Repositories/hackerrank-haskell/src/Test.hs> [("Main","/Users/germankuber/Documents/Repositories/hackerrank-haskell/src/12-Electronics-Shop.hs")])
2020-08-27 16:46:42.715319000000 [12239(ThreadId 16)] CRITICAL THREAD_MGR - Critical exit started.
2020-08-27 20:12:37.554265000000 [32417(ThreadId 13)] ERROR APP - user error (loaded module can not find from path. </Users/germankuber/Documents/Repositories/hackerrank-haskell/src/04-Palindrome-Index.hs> [("Electronic","/Users/germankuber/Documents/Repositories/hackerrank-haskell/src/12-Electronics-Shop.hs")])
2020-08-27 20:12:37.570716000000 [32417(ThreadId 13)] ERROR APP - user error (loaded module can not find from path. </Users/germankuber/Documents/Repositories/hackerrank-haskell/src/05-2D-Array-DS.hs> [("Electronic","/Users/germankuber/Documents/Repositories/hackerrank-haskell/src/12-Electronics-Shop.hs")])
2020-08-27 20:12:37.586701000000 [32417(ThreadId 13)] ERROR APP - user error (loaded module can not find from path. </Users/germankuber/Documents/Repositories/hackerrank-haskell/src/10-Viral-Advertising.hs> [("Electronic","/Users/germankuber/Documents/Repositories/hackerrank-haskell/src/12-Electronics-Shop.hs")])
2020-08-27 20:12:37.603317000000 [32417(ThreadId 13)] ERROR APP - user error (loaded module can not find from path. </Users/germankuber/Documents/Repositories/hackerrank-haskell/src/11-Queen-Attack-II.hs> [("Electronic","/Users/germankuber/Documents/Repositories/hackerrank-haskell/src/12-Electronics-Shop.hs")])
2020-08-27 20:12:37.724702000000 [32417(ThreadId 13)] ERROR APP - user error (loaded module can not find from path. </Users/germankuber/Documents/Repositories/hackerrank-haskell/app/Main.hs> [("Electronic","/Users/germankuber/Documents/Repositories/hackerrank-haskell/src/12-Electronics-Shop.hs")])
2020-08-27 20:12:37.740523000000 [32417(ThreadId 13)] ERROR APP - user error (loaded module can not find from path. </Users/germankuber/Documents/Repositories/hackerrank-haskell/src/Test.hs> [("Electronic","/Users/germankuber/Documents/Repositories/hackerrank-haskell/src/12-Electronics-Shop.hs")])
2020-08-27 20:13:31.921705000000 [32417(ThreadId 16)] CRITICAL THREAD_MGR - Critical exit started.
2020-08-27 20:13:52.937142000000 [32478(ThreadId 13)] ERROR APP - user error (loaded module can not find from path. </Users/germankuber/Documents/Repositories/hackerrank-haskell/src/04-Palindrome-Index.hs> [("Electronic","/Users/germankuber/Documents/Repositories/hackerrank-haskell/src/12-Electronics-Shop.hs")])
2020-08-27 20:13:52.955245000000 [32478(ThreadId 13)] ERROR APP - user error (loaded module can not find from path. </Users/germankuber/Documents/Repositories/hackerrank-haskell/src/05-2D-Array-DS.hs> [("Electronic","/Users/germankuber/Documents/Repositories/hackerrank-haskell/src/12-Electronics-Shop.hs")])
2020-08-27 20:13:52.971615000000 [32478(ThreadId 13)] ERROR APP - user error (loaded module can not find from path. </Users/germankuber/Documents/Repositories/hackerrank-haskell/src/10-Viral-Advertising.hs> [("Electronic","/Users/germankuber/Documents/Repositories/hackerrank-haskell/src/12-Electronics-Shop.hs")])
2020-08-27 20:13:52.989123000000 [32478(ThreadId 13)] ERROR APP - user error (loaded module can not find from path. </Users/germankuber/Documents/Repositories/hackerrank-haskell/src/11-Queen-Attack-II.hs> [("Electronic","/Users/germankuber/Documents/Repositories/hackerrank-haskell/src/12-Electronics-Shop.hs")])
2020-08-27 20:13:53.142070000000 [32478(ThreadId 13)] ERROR APP - user error (loaded module can not find from path. </Users/germankuber/Documents/Repositories/hackerrank-haskell/app/Main.hs> [("Electronic","/Users/germankuber/Documents/Repositories/hackerrank-haskell/src/12-Electronics-Shop.hs")])
2020-08-27 20:13:53.155992000000 [32478(ThreadId 13)] ERROR APP - user error (loaded module can not find from path. </Users/germankuber/Documents/Repositories/hackerrank-haskell/src/Test.hs> [("Electronic","/Users/germankuber/Documents/Repositories/hackerrank-haskell/src/12-Electronics-Shop.hs")])
2020-08-27 20:15:09.749071000000 [32478(ThreadId 16)] CRITICAL THREAD_MGR - Critical exit started.
2020-08-29 13:00:11.146679000000 [39663(ThreadId 13)] ERROR APP - user error (loaded module can not find from path. </Users/germankuber/Documents/Repositories/hackerrank-haskell/src/04-Palindrome-Index.hs> [("Electronic","/Users/germankuber/Documents/Repositories/hackerrank-haskell/src/12-Electronics-Shop.hs")])
2020-08-29 13:00:11.185262000000 [39663(ThreadId 13)] ERROR APP - user error (loaded module can not find from path. </Users/germankuber/Documents/Repositories/hackerrank-haskell/src/05-2D-Array-DS.hs> [("Electronic","/Users/germankuber/Documents/Repositories/hackerrank-haskell/src/12-Electronics-Shop.hs")])
2020-08-29 13:00:11.210750000000 [39663(ThreadId 13)] ERROR APP - user error (loaded module can not find from path. </Users/germankuber/Documents/Repositories/hackerrank-haskell/src/10-Viral-Advertising.hs> [("Electronic","/Users/germankuber/Documents/Repositories/hackerrank-haskell/src/12-Electronics-Shop.hs")])
2020-08-29 13:00:11.267273000000 [39663(ThreadId 13)] ERROR APP - user error (loaded module can not find from path. </Users/germankuber/Documents/Repositories/hackerrank-haskell/src/11-Queen-Attack-II.hs> [("Electronic","/Users/germankuber/Documents/Repositories/hackerrank-haskell/src/12-Electronics-Shop.hs")])
2020-08-29 13:00:11.434522000000 [39663(ThreadId 13)] ERROR APP - user error (loaded module can not find from path. </Users/germankuber/Documents/Repositories/hackerrank-haskell/src/13-Monad-State.hs> [("Electronic","/Users/germankuber/Documents/Repositories/hackerrank-haskell/src/12-Electronics-Shop.hs")])
2020-08-29 13:00:11.501755000000 [39663(ThreadId 13)] ERROR APP - user error (loaded module can not find from path. </Users/germankuber/Documents/Repositories/hackerrank-haskell/app/Main.hs> [("Electronic","/Users/germankuber/Documents/Repositories/hackerrank-haskell/src/12-Electronics-Shop.hs")])
2020-08-29 13:00:11.526932000000 [39663(ThreadId 13)] ERROR APP - user error (loaded module can not find from path. </Users/germankuber/Documents/Repositories/hackerrank-haskell/src/Test.hs> [("Electronic","/Users/germankuber/Documents/Repositories/hackerrank-haskell/src/12-Electronics-Shop.hs")])
2020-08-29 16:37:39.297660000000 [39663(ThreadId 16)] CRITICAL THREAD_MGR - Critical exit started.
2020-08-29 22:11:25.971868000000 [40766(ThreadId 13)] ERROR APP - user error (loaded module can not find from path. </Users/germankuber/Documents/Repositories/hackerrank-haskell/src/04-Palindrome-Index.hs> [])
2020-08-29 22:11:25.987436000000 [40766(ThreadId 13)] ERROR APP - user error (loaded module can not find from path. </Users/germankuber/Documents/Repositories/hackerrank-haskell/src/05-2D-Array-DS.hs> [])
2020-08-29 22:11:26.003019000000 [40766(ThreadId 13)] ERROR APP - user error (loaded module can not find from path. </Users/germankuber/Documents/Repositories/hackerrank-haskell/src/10-Viral-Advertising.hs> [])
2020-08-29 22:11:26.017744000000 [40766(ThreadId 13)] ERROR APP - user error (loaded module can not find from path. </Users/germankuber/Documents/Repositories/hackerrank-haskell/src/11-Queen-Attack-II.hs> [])
2020-08-29 22:11:26.037516000000 [40766(ThreadId 13)] ERROR APP - user error (loaded module can not find from path. </Users/germankuber/Documents/Repositories/hackerrank-haskell/src/13-Monad-State.hs> [])
2020-08-29 22:11:26.088053000000 [40766(ThreadId 13)] ERROR APP - user error (loaded module can not find from path. </Users/germankuber/Documents/Repositories/hackerrank-haskell/app/Main.hs> [])
2020-08-29 22:11:26.104672000000 [40766(ThreadId 13)] ERROR APP - user error (loaded module can not find from path. </Users/germankuber/Documents/Repositories/hackerrank-haskell/src/Test.hs> [])
2020-08-29 22:11:26.134708000000 [40766(ThreadId 13)] ERROR APP - start debugging failed. user error (ExecResult not found.) : Left "user error (ExecResult not found.)"
2020-08-29 22:11:40.296426000000 [40766(ThreadId 16)] CRITICAL THREAD_MGR - Critical exit started.
2020-08-29 22:11:42.414834000000 [40787(ThreadId 13)] ERROR APP - user error (loaded module can not find from path. </Users/germankuber/Documents/Repositories/hackerrank-haskell/src/04-Palindrome-Index.hs> [])
2020-08-29 22:11:42.430214000000 [40787(ThreadId 13)] ERROR APP - user error (loaded module can not find from path. </Users/germankuber/Documents/Repositories/hackerrank-haskell/src/05-2D-Array-DS.hs> [])
2020-08-29 22:11:42.446800000000 [40787(ThreadId 13)] ERROR APP - user error (loaded module can not find from path. </Users/germankuber/Documents/Repositories/hackerrank-haskell/src/10-Viral-Advertising.hs> [])
2020-08-29 22:11:42.461060000000 [40787(ThreadId 13)] ERROR APP - user error (loaded module can not find from path. </Users/germankuber/Documents/Repositories/hackerrank-haskell/src/11-Queen-Attack-II.hs> [])
2020-08-29 22:11:42.479162000000 [40787(ThreadId 13)] ERROR APP - user error (loaded module can not find from path. </Users/germankuber/Documents/Repositories/hackerrank-haskell/src/13-Monad-State.hs> [])
2020-08-29 22:11:42.522935000000 [40787(ThreadId 13)] ERROR APP - user error (loaded module can not find from path. </Users/germankuber/Documents/Repositories/hackerrank-haskell/app/Main.hs> [])
2020-08-29 22:11:42.537787000000 [40787(ThreadId 13)] ERROR APP - user error (loaded module can not find from path. </Users/germankuber/Documents/Repositories/hackerrank-haskell/src/Test.hs> [])
2020-08-29 22:11:42.554828000000 [40787(ThreadId 13)] ERROR APP - start debugging failed. user error (ExecResult not found.) : Left "user error (ExecResult not found.)"
2020-08-30 10:10:44.085325000000 [40787(ThreadId 16)] CRITICAL THREAD_MGR - Critical exit started.
2020-08-30 10:28:05.674367000000 [41792(ThreadId 13)] ERROR APP - user error (loaded module can not find from path. </Users/germankuber/Documents/Repositories/hackerrank-haskell/src/04-Palindrome-Index.hs> [("Main","/Users/germankuber/Documents/Repositories/hackerrank-haskell/src/13-Monad-State.hs")])
2020-08-30 10:28:05.694926000000 [41792(ThreadId 13)] ERROR APP - user error (loaded module can not find from path. </Users/germankuber/Documents/Repositories/hackerrank-haskell/src/05-2D-Array-DS.hs> [("Main","/Users/germankuber/Documents/Repositories/hackerrank-haskell/src/13-Monad-State.hs")])
2020-08-30 10:28:05.715739000000 [41792(ThreadId 13)] ERROR APP - user error (loaded module can not find from path. </Users/germankuber/Documents/Repositories/hackerrank-haskell/src/10-Viral-Advertising.hs> [("Main","/Users/germankuber/Documents/Repositories/hackerrank-haskell/src/13-Monad-State.hs")])
2020-08-30 10:28:05.731998000000 [41792(ThreadId 13)] ERROR APP - user error (loaded module can not find from path. </Users/germankuber/Documents/Repositories/hackerrank-haskell/src/11-Queen-Attack-II.hs> [("Main","/Users/germankuber/Documents/Repositories/hackerrank-haskell/src/13-Monad-State.hs")])
2020-08-30 10:28:05.795198000000 [41792(ThreadId 13)] ERROR APP - user error (loaded module can not find from path. </Users/germankuber/Documents/Repositories/hackerrank-haskell/app/Main.hs> [("Main","/Users/germankuber/Documents/Repositories/hackerrank-haskell/src/13-Monad-State.hs")])
2020-08-30 10:28:05.810070000000 [41792(ThreadId 13)] ERROR APP - user error (loaded module can not find from path. </Users/germankuber/Documents/Repositories/hackerrank-haskell/src/Test.hs> [("Main","/Users/germankuber/Documents/Repositories/hackerrank-haskell/src/13-Monad-State.hs")])
2020-08-30 10:28:10.541829000000 [41792(ThreadId 16)] CRITICAL THREAD_MGR - Critical exit started.
2020-08-30 10:28:19.380197000000 [41836(ThreadId 13)] ERROR APP - user error (loaded module can not find from path. </Users/germankuber/Documents/Repositories/hackerrank-haskell/src/04-Palindrome-Index.hs> [("Main","/Users/germankuber/Documents/Repositories/hackerrank-haskell/src/13-Monad-State.hs")])
2020-08-30 10:28:19.399016000000 [41836(ThreadId 13)] ERROR APP - user error (loaded module can not find from path. </Users/germankuber/Documents/Repositories/hackerrank-haskell/src/05-2D-Array-DS.hs> [("Main","/Users/germankuber/Documents/Repositories/hackerrank-haskell/src/13-Monad-State.hs")])
2020-08-30 10:28:19.415719000000 [41836(ThreadId 13)] ERROR APP - user error (loaded module can not find from path. </Users/germankuber/Documents/Repositories/hackerrank-haskell/src/10-Viral-Advertising.hs> [("Main","/Users/germankuber/Documents/Repositories/hackerrank-haskell/src/13-Monad-State.hs")])
2020-08-30 10:28:19.430620000000 [41836(ThreadId 13)] ERROR APP - user error (loaded module can not find from path. </Users/germankuber/Documents/Repositories/hackerrank-haskell/src/11-Queen-Attack-II.hs> [("Main","/Users/germankuber/Documents/Repositories/hackerrank-haskell/src/13-Monad-State.hs")])
2020-08-30 10:28:19.499650000000 [41836(ThreadId 13)] ERROR APP - user error (loaded module can not find from path. </Users/germankuber/Documents/Repositories/hackerrank-haskell/app/Main.hs> [("Main","/Users/germankuber/Documents/Repositories/hackerrank-haskell/src/13-Monad-State.hs")])
2020-08-30 10:28:19.514739000000 [41836(ThreadId 13)] ERROR APP - user error (loaded module can not find from path. </Users/germankuber/Documents/Repositories/hackerrank-haskell/src/Test.hs> [("Main","/Users/germankuber/Documents/Repositories/hackerrank-haskell/src/13-Monad-State.hs")])
2020-08-30 10:29:01.089531000000 [41836(ThreadId 16)] CRITICAL THREAD_MGR - Critical exit started.
2020-08-30 10:29:05.540261000000 [41862(ThreadId 13)] ERROR APP - user error (loaded module can not find from path. </Users/germankuber/Documents/Repositories/hackerrank-haskell/src/04-Palindrome-Index.hs> [("Main","/Users/germankuber/Documents/Repositories/hackerrank-haskell/src/13-Monad-State.hs")])
2020-08-30 10:29:05.556704000000 [41862(ThreadId 13)] ERROR APP - user error (loaded module can not find from path. </Users/germankuber/Documents/Repositories/hackerrank-haskell/src/05-2D-Array-DS.hs> [("Main","/Users/germankuber/Documents/Repositories/hackerrank-haskell/src/13-Monad-State.hs")])
2020-08-30 10:29:05.572788000000 [41862(ThreadId 13)] ERROR APP - user error (loaded module can not find from path. </Users/germankuber/Documents/Repositories/hackerrank-haskell/src/10-Viral-Advertising.hs> [("Main","/Users/germankuber/Documents/Repositories/hackerrank-haskell/src/13-Monad-State.hs")])
2020-08-30 10:29:05.588369000000 [41862(ThreadId 13)] ERROR APP - user error (loaded module can not find from path. </Users/germankuber/Documents/Repositories/hackerrank-haskell/src/11-Queen-Attack-II.hs> [("Main","/Users/germankuber/Documents/Repositories/hackerrank-haskell/src/13-Monad-State.hs")])
2020-08-30 10:29:05.652517000000 [41862(ThreadId 13)] ERROR APP - user error (loaded module can not find from path. </Users/germankuber/Documents/Repositories/hackerrank-haskell/app/Main.hs> [("Main","/Users/germankuber/Documents/Repositories/hackerrank-haskell/src/13-Monad-State.hs")])
2020-08-30 10:29:05.668690000000 [41862(ThreadId 13)] ERROR APP - user error (loaded module can not find from path. </Users/germankuber/Documents/Repositories/hackerrank-haskell/src/Test.hs> [("Main","/Users/germankuber/Documents/Repositories/hackerrank-haskell/src/13-Monad-State.hs")])
2020-08-31 20:23:20.120219000000 [50532(ThreadId 13)] ERROR APP - user error (loaded module can not find from path. </Users/germankuber/Documents/Repositories/hackerrank-haskell/src/04-Palindrome-Index.hs> [("Main","/Users/germankuber/Documents/Repositories/hackerrank-haskell/src/13-Monad-State.hs")])
2020-08-31 20:23:20.137733000000 [50532(ThreadId 13)] ERROR APP - user error (loaded module can not find from path. </Users/germankuber/Documents/Repositories/hackerrank-haskell/src/05-2D-Array-DS.hs> [("Main","/Users/germankuber/Documents/Repositories/hackerrank-haskell/src/13-Monad-State.hs")])
2020-08-31 20:23:20.154021000000 [50532(ThreadId 13)] ERROR APP - user error (loaded module can not find from path. </Users/germankuber/Documents/Repositories/hackerrank-haskell/src/10-Viral-Advertising.hs> [("Main","/Users/germankuber/Documents/Repositories/hackerrank-haskell/src/13-Monad-State.hs")])
2020-08-31 20:23:20.169255000000 [50532(ThreadId 13)] ERROR APP - user error (loaded module can not find from path. </Users/germankuber/Documents/Repositories/hackerrank-haskell/src/11-Queen-Attack-II.hs> [("Main","/Users/germankuber/Documents/Repositories/hackerrank-haskell/src/13-Monad-State.hs")])
2020-08-31 20:23:20.209959000000 [50532(ThreadId 13)] ERROR APP - user error (loaded module can not find from path. </Users/germankuber/Documents/Repositories/hackerrank-haskell/app/Main.hs> [("Main","/Users/germankuber/Documents/Repositories/hackerrank-haskell/src/13-Monad-State.hs")])
2020-08-31 20:23:20.225133000000 [50532(ThreadId 13)] ERROR APP - user error (loaded module can not find from path. </Users/germankuber/Documents/Repositories/hackerrank-haskell/src/Test.hs> [("Main","/Users/germankuber/Documents/Repositories/hackerrank-haskell/src/13-Monad-State.hs")])
2020-08-31 20:23:20.242848000000 [50532(ThreadId 13)] ERROR APP - start debugging failed. user error (ExecResult not found.) : Left "user error (ExecResult not found.)"
2020-08-31 20:23:36.477342000000 [50532(ThreadId 16)] CRITICAL THREAD_MGR - Critical exit started.
